  Animation.cpp
c:\aie\astralabyss\animation.cpp(98): warning C4244: 'argument': conversion from 'unsigned int' to 'float', possible loss of data
c:\aie\astralabyss\animation.cpp(98): warning C4244: 'argument': conversion from 'int' to 'float', possible loss of data
c:\aie\astralabyss\animation.cpp(106): warning C4244: 'initializing': conversion from 'unsigned int' to 'float', possible loss of data
  AstralAbyssApp.cpp
c:\aie\astralabyss\astralabyssapp.cpp(463): warning C4244: 'argument': conversion from 'int' to 'float', possible loss of data
c:\aie\astralabyss\astralabyssapp.cpp(497): warning C4996: 'sprintf': This function or variable may be unsafe. Consider using sprintf_s instead. To disable deprecation, use _CRT_SECURE_NO_WARNINGS. See online help for details.
  c:\program files (x86)\windows kits\10\include\10.0.17763.0\ucrt\stdio.h(1774): note: see declaration of 'sprintf'
c:\aie\astralabyss\astralabyssapp.cpp(501): warning C4996: 'sprintf': This function or variable may be unsafe. Consider using sprintf_s instead. To disable deprecation, use _CRT_SECURE_NO_WARNINGS. See online help for details.
  c:\program files (x86)\windows kits\10\include\10.0.17763.0\ucrt\stdio.h(1774): note: see declaration of 'sprintf'
c:\aie\astralabyss\astralabyssapp.cpp(504): warning C4996: 'sprintf': This function or variable may be unsafe. Consider using sprintf_s instead. To disable deprecation, use _CRT_SECURE_NO_WARNINGS. See online help for details.
  c:\program files (x86)\windows kits\10\include\10.0.17763.0\ucrt\stdio.h(1774): note: see declaration of 'sprintf'
c:\aie\astralabyss\astralabyssapp.cpp(519): warning C4996: 'sprintf': This function or variable may be unsafe. Consider using sprintf_s instead. To disable deprecation, use _CRT_SECURE_NO_WARNINGS. See online help for details.
  c:\program files (x86)\windows kits\10\include\10.0.17763.0\ucrt\stdio.h(1774): note: see declaration of 'sprintf'
c:\aie\astralabyss\astralabyssapp.cpp(532): warning C4244: 'argument': conversion from 'int' to 'float', possible loss of data
c:\aie\astralabyss\astralabyssapp.cpp(557): warning C4996: 'sprintf': This function or variable may be unsafe. Consider using sprintf_s instead. To disable deprecation, use _CRT_SECURE_NO_WARNINGS. See online help for details.
  c:\program files (x86)\windows kits\10\include\10.0.17763.0\ucrt\stdio.h(1774): note: see declaration of 'sprintf'
  Bullet.cpp
  Entity.cpp
c:\aie\astralabyss\entity.cpp(73): warning C4244: 'argument': conversion from 'T' to 'int', possible loss of data
          with
          [
              T=float
          ]
  main.cpp
  Player.cpp
c:\aie\astralabyss\player.cpp(165): warning C4244: 'argument': conversion from 'T' to 'int', possible loss of data
          with
          [
              T=float
          ]
c:\aie\astralabyss\player.cpp(168): warning C4244: 'argument': conversion from 'T' to 'int', possible loss of data
          with
          [
              T=float
          ]
c:\aie\astralabyss\player.cpp(171): warning C4244: 'argument': conversion from 'T' to 'int', possible loss of data
          with
          [
              T=float
          ]
  Ship.cpp
  Generating Code...
LINK : warning LNK4098: defaultlib 'MSVCRT' conflicts with use of other libs; use /NODEFAULTLIB:library
  AstralAbyss.vcxproj -> C:\AIE\aieBootstrap-master\x64\Debug\AstralAbyss.exe
